<?xml version="1.0" encoding="UTF-8"?>
<!-- Generated by org.testng.reporters.JUnitReportReporter -->
<testsuite hostname="DESKTOP-UU97CNV" failures="0" tests="4" name="suboltest.ClassB" time="0.023" errors="0" timestamp="2023-10-12T16:36:36 IST" skipped="0">
  <testcase classname="suboltest.ClassB" name="methodBone" time="0.009"/>
  <testcase classname="suboltest.ClassB" name="methodBTwo" time="0.004"/>
  <testcase classname="suboltest.ClassB" name="methodBThree" time="0.004"/>
  <testcase classname="suboltest.ClassB" name="methodBFour" time="0.006"/>
</testsuite> <!-- suboltest.ClassB -->
