<?xml version="1.0" encoding="UTF-8"?>
<!-- Generated by org.testng.reporters.JUnitReportReporter -->
<testsuite hostname="DESKTOP-UU97CNV" failures="0" tests="2" name="suboltest.ClassC" time="0.008" errors="0" timestamp="2023-10-12T16:36:36 IST" skipped="0">
  <testcase classname="suboltest.ClassC" name="methodCone" time="0.003"/>
  <testcase classname="suboltest.ClassC" name="methodCTwo" time="0.005"/>
</testsuite> <!-- suboltest.ClassC -->
