<?xml version="1.0" encoding="UTF-8"?>
<!-- Generated by org.testng.reporters.JUnitReportReporter -->
<testsuite hostname="DESKTOP-UU97CNV" failures="0" tests="3" name="suboltest.ClassA" time="0.042" errors="0" timestamp="2023-10-14T09:13:40 IST" skipped="0">
  <testcase classname="suboltest.ClassA" name="methodAone" time="0.035"/>
  <testcase classname="suboltest.ClassA" name="methodATwo" time="0.005"/>
  <testcase classname="suboltest.ClassA" name="methodAThree" time="0.002"/>
</testsuite> <!-- suboltest.ClassA -->
